# JRE version: Java(TM) SE Runtime Environment (13.0.2+8) (build 13.0.2+8)
# Java VM: Java HotSpot(TM) 64-Bit Server VM (13.0.2+8, mixed mode, sharing, tiered, compressed oops, g1 gc, windows-amd64)
Heap:
 garbage-first heap   total 53248K, used 29561K [0x0000000090c00000, 0x0000000100000000)
  region size 1024K, 4 young (4096K), 1 survivors (1024K)
 Metaspace       used 44424K, capacity 46069K, committed 46208K, reserved 1089536K
  class space    used 5321K, capacity 6001K, committed 6016K, reserved 1048576K
GC Heap History (20 events):
Event: 459.232 GC heap before
{Heap before GC invocations=354 (full 1):
 garbage-first heap   total 51200K, used 43894K [0x0000000090c00000, 0x0000000100000000)
  region size 1024K, 17 young (17408K), 1 survivors (1024K)
 Metaspace       used 44424K, capacity 46069K, committed 46208K, reserved 1089536K
  class space    used 5321K, capacity 6001K, committed 6016K, reserved 1048576K
}
Event: 459.233 GC heap after
{Heap after GC invocations=355 (full 1):
 garbage-first heap   total 51200K, used 27500K [0x0000000090c00000, 0x0000000100000000)
  region size 1024K, 1 young (1024K), 1 survivors (1024K)
 Metaspace       used 44424K, capacity 46069K, committed 46208K, reserved 1089536K
  class space    used 5321K, capacity 6001K, committed 6016K, reserved 1048576K
}
Event: 459.822 GC heap before
{Heap before GC invocations=355 (full 1):
 garbage-first heap   total 51200K, used 43884K [0x0000000090c00000, 0x0000000100000000)
  region size 1024K, 17 young (17408K), 1 survivors (1024K)
 Metaspace       used 44424K, capacity 46069K, committed 46208K, reserved 1089536K
  class space    used 5321K, capacity 6001K, committed 6016K, reserved 1048576K
}
Event: 459.824 GC heap after
{Heap after GC invocations=356 (full 1):
 garbage-first heap   total 51200K, used 27524K [0x0000000090c00000, 0x0000000100000000)
  region size 1024K, 1 young (1024K), 1 survivors (1024K)
 Metaspace       used 44424K, capacity 46069K, committed 46208K, reserved 1089536K
  class space    used 5321K, capacity 6001K, committed 6016K, reserved 1048576K
}
Event: 460.776 GC heap before
{Heap before GC invocations=357 (full 1):
 garbage-first heap   total 51200K, used 42884K [0x0000000090c00000, 0x0000000100000000)
  region size 1024K, 17 young (17408K), 1 survivors (1024K)
 Metaspace       used 44424K, capacity 46069K, committed 46208K, reserved 1089536K
  class space    used 5321K, capacity 6001K, committed 6016K, reserved 1048576K
}
Event: 460.777 GC heap after
{Heap after GC invocations=358 (full 1):
 garbage-first heap   total 51200K, used 27510K [0x0000000090c00000, 0x0000000100000000)
  region size 1024K, 1 young (1024K), 1 survivors (1024K)
 Metaspace       used 44424K, capacity 46069K, committed 46208K, reserved 1089536K
  class space    used 5321K, capacity 6001K, committed 6016K, reserved 1048576K
}
Event: 461.415 GC heap before
{Heap before GC invocations=358 (full 1):
 garbage-first heap   total 51200K, used 43894K [0x0000000090c00000, 0x0000000100000000)
  region size 1024K, 17 young (17408K), 1 survivors (1024K)
 Metaspace       used 44424K, capacity 46069K, committed 46208K, reserved 1089536K
  class space    used 5321K, capacity 6001K, committed 6016K, reserved 1048576K
}
Event: 461.417 GC heap after
{Heap after GC invocations=359 (full 1):
 garbage-first heap   total 51200K, used 27506K [0x0000000090c00000, 0x0000000100000000)
  region size 1024K, 1 young (1024K), 1 survivors (1024K)
 Metaspace       used 44424K, capacity 46069K, committed 46208K, reserved 1089536K
  class space    used 5321K, capacity 6001K, committed 6016K, reserved 1048576K
}
Event: 462.022 GC heap before
{Heap before GC invocations=360 (full 1):
 garbage-first heap   total 51200K, used 42866K [0x0000000090c00000, 0x0000000100000000)
  region size 1024K, 17 young (17408K), 1 survivors (1024K)
 Metaspace       used 44424K, capacity 46069K, committed 46208K, reserved 1089536K
  class space    used 5321K, capacity 6001K, committed 6016K, reserved 1048576K
}
Event: 462.023 GC heap after
{Heap after GC invocations=361 (full 1):
 garbage-first heap   total 51200K, used 27502K [0x0000000090c00000, 0x0000000100000000)
  region size 1024K, 1 young (1024K), 1 survivors (1024K)
 Metaspace       used 44424K, capacity 46069K, committed 46208K, reserved 1089536K
  class space    used 5321K, capacity 6001K, committed 6016K, reserved 1048576K
}
Event: 462.615 GC heap before
{Heap before GC invocations=361 (full 1):
 garbage-first heap   total 51200K, used 42862K [0x0000000090c00000, 0x0000000100000000)
  region size 1024K, 17 young (17408K), 1 survivors (1024K)
 Metaspace       used 44424K, capacity 46069K, committed 46208K, reserved 1089536K
  class space    used 5321K, capacity 6001K, committed 6016K, reserved 1048576K
}
Event: 462.616 GC heap after
{Heap after GC invocations=362 (full 1):
 garbage-first heap   total 51200K, used 27515K [0x0000000090c00000, 0x0000000100000000)
  region size 1024K, 1 young (1024K), 1 survivors (1024K)
 Metaspace       used 44424K, capacity 46069K, committed 46208K, reserved 1089536K
  class space    used 5321K, capacity 6001K, committed 6016K, reserved 1048576K
}
Event: 463.322 GC heap before
{Heap before GC invocations=363 (full 1):
 garbage-first heap   total 51200K, used 43899K [0x0000000090c00000, 0x0000000100000000)
  region size 1024K, 17 young (17408K), 1 survivors (1024K)
 Metaspace       used 44424K, capacity 46069K, committed 46208K, reserved 1089536K
  class space    used 5321K, capacity 6001K, committed 6016K, reserved 1048576K
}
Event: 463.323 GC heap after
{Heap after GC invocations=364 (full 1):
 garbage-first heap   total 51200K, used 27517K [0x0000000090c00000, 0x0000000100000000)
  region size 1024K, 1 young (1024K), 1 survivors (1024K)
 Metaspace       used 44424K, capacity 46069K, committed 46208K, reserved 1089536K
  class space    used 5321K, capacity 6001K, committed 6016K, reserved 1048576K
}
Event: 464.046 GC heap before
{Heap before GC invocations=364 (full 1):
 garbage-first heap   total 51200K, used 43901K [0x0000000090c00000, 0x0000000100000000)
  region size 1024K, 17 young (17408K), 1 survivors (1024K)
 Metaspace       used 44424K, capacity 46069K, committed 46208K, reserved 1089536K
  class space    used 5321K, capacity 6001K, committed 6016K, reserved 1048576K
}
Event: 464.047 GC heap after
{Heap after GC invocations=365 (full 1):
 garbage-first heap   total 51200K, used 27519K [0x0000000090c00000, 0x0000000100000000)
  region size 1024K, 1 young (1024K), 1 survivors (1024K)
 Metaspace       used 44424K, capacity 46069K, committed 46208K, reserved 1089536K
  class space    used 5321K, capacity 6001K, committed 6016K, reserved 1048576K
}
Event: 465.016 GC heap before
{Heap before GC invocations=366 (full 1):
 garbage-first heap   total 51200K, used 43903K [0x0000000090c00000, 0x0000000100000000)
  region size 1024K, 17 young (17408K), 1 survivors (1024K)
 Metaspace       used 44424K, capacity 46069K, committed 46208K, reserved 1089536K
  class space    used 5321K, capacity 6001K, committed 6016K, reserved 1048576K
}
Event: 465.017 GC heap after
{Heap after GC invocations=367 (full 1):
 garbage-first heap   total 51200K, used 27531K [0x0000000090c00000, 0x0000000100000000)
  region size 1024K, 1 young (1024K), 1 survivors (1024K)
 Metaspace       used 44424K, capacity 46069K, committed 46208K, reserved 1089536K
  class space    used 5321K, capacity 6001K, committed 6016K, reserved 1048576K
}
Event: 465.249 GC heap before
{Heap before GC invocations=367 (full 1):
 garbage-first heap   total 51200K, used 42891K [0x0000000090c00000, 0x0000000100000000)
  region size 1024K, 17 young (17408K), 1 survivors (1024K)
 Metaspace       used 44424K, capacity 46069K, committed 46208K, reserved 1089536K
  class space    used 5321K, capacity 6001K, committed 6016K, reserved 1048576K
}
Event: 465.250 GC heap after
{Heap after GC invocations=368 (full 1):
 garbage-first heap   total 51200K, used 27513K [0x0000000090c00000, 0x0000000100000000)
  region size 1024K, 1 young (1024K), 1 survivors (1024K)
 Metaspace       used 44424K, capacity 46069K, committed 46208K, reserved 1089536K
  class space    used 5321K, capacity 6001K, committed 6016K, reserved 1048576K
}

